<?xml version="1.0" encoding="UTF-8"?>
<testng-results ignored="0" total="1" passed="1" failed="0" skipped="0">
  <reporter-output>
  </reporter-output>
  <suite started-at="2023-12-28T00:11:35 IST" name="BDD Test Suite" finished-at="2023-12-28T00:11:35 IST" duration-ms="80">
    <groups>
    </groups>
    <test started-at="2023-12-28T00:11:35 IST" name="FREE CRM Test" finished-at="2023-12-28T00:11:35 IST" duration-ms="80">
      <class name="testOne.MyTestCaseOne">
        <test-method signature="testOne()[pri:0, instance:testOne.MyTestCaseOne@2beee7ff]" started-at="2023-12-28T00:11:35 IST" name="testOne" finished-at="2023-12-28T00:11:35 IST" duration-ms="15" status="PASS">
          <reporter-output>
          </reporter-output>
        </test-method> <!-- testOne -->
      </class> <!-- testOne.MyTestCaseOne -->
    </test> <!-- FREE CRM Test -->
  </suite> <!-- BDD Test Suite -->
</testng-results>
